<?xml version="1.0" encoding="UTF-8"?>
<!-- Generated by org.testng.reporters.JUnitReportReporter -->
<testsuite hostname="DESKTOP-PFQ5SCK" failures="0" tests="1" name="com.qa.fifa.SearchTest" time="8.399" errors="0" timestamp="2022-12-04T11:54:55 EST" skipped="0">
  <testcase classname="com.qa.fifa.SearchTest" name="validateSearch" time="8.399"/>
  <system-out/>
</testsuite> <!-- com.qa.fifa.SearchTest -->
